<?xml version="1.0" encoding="UTF-8"?>
<testsuite xmlns:xsi="http://www.w3.org/2001/XMLSchema-instance" xsi:noNamespaceSchemaLocation="https://maven.apache.org/surefire/maven-surefire-plugin/xsd/surefire-test-report.xsd" name="com.handong.oh318.ExtracterTest" time="0.597" tests="3" errors="0" skipped="0" failures="0">
  <properties>
[...]
</properties>
  <testcase name="testGetJavaFilepaths" classname="com.handong.oh318.ExtracterTest" time="0.493"/>
  <testcase name="testGetJaveClassSource" classname="com.handong.oh318.ExtracterTest" time="0.022"/>
  <testcase name="testInitXMLFile" classname="com.handong.oh318.ExtracterTest" time="0.032"/>
</testsuite>